2024-04-06T03:04:46,746 [main] INFO  (ConfigurationReader.java:19) - Loading the property file...
2024-04-06T03:04:46,757 [main] INFO  (ConfigurationReader.java:41) - Getting the property key {browserType} from the property file
2024-04-06T03:04:46,757 [main] INFO  (Driver.java:29) - Getting a driver instance
2024-04-06T03:04:46,757 [main] INFO  (Driver.java:34) - Starting a firefox browser
2024-04-06T03:04:58,907 [main] INFO  (ConfigurationReader.java:41) - Getting the property key {browserType} from the property file
2024-04-06T03:04:58,908 [main] INFO  (Driver.java:29) - Getting a driver instance
2024-04-06T03:05:01,410 [main] INFO  (SeleniumUtils.java:128) - Switching to new tab/window
2024-04-06T03:05:01,410 [main] INFO  (ConfigurationReader.java:41) - Getting the property key {browserType} from the property file
2024-04-06T03:05:01,411 [main] INFO  (Driver.java:29) - Getting a driver instance
2024-04-06T03:05:01,456 [main] INFO  (ConfigurationReader.java:41) - Getting the property key {browserType} from the property file
2024-04-06T03:05:01,457 [main] INFO  (Driver.java:29) - Getting a driver instance
2024-04-06T03:05:01,965 [main] INFO  (Driver.java:71) - Closing the browser
2024-04-06T03:07:09,653 [main] INFO  (ConfigurationReader.java:19) - Loading the property file...
2024-04-06T03:07:09,659 [main] INFO  (ConfigurationReader.java:41) - Getting the property key {browserType} from the property file
2024-04-06T03:07:09,659 [main] INFO  (Driver.java:29) - Getting a driver instance
2024-04-06T03:07:09,660 [main] INFO  (Driver.java:34) - Starting a firefox browser
2024-04-06T03:07:15,058 [main] INFO  (ConfigurationReader.java:41) - Getting the property key {browserType} from the property file
2024-04-06T03:07:15,059 [main] INFO  (Driver.java:29) - Getting a driver instance
2024-04-06T03:07:17,226 [main] INFO  (SeleniumUtils.java:128) - Switching to new tab/window
2024-04-06T03:07:17,226 [main] INFO  (ConfigurationReader.java:41) - Getting the property key {browserType} from the property file
2024-04-06T03:07:17,227 [main] INFO  (Driver.java:29) - Getting a driver instance
2024-04-06T03:07:17,273 [main] INFO  (ConfigurationReader.java:41) - Getting the property key {browserType} from the property file
2024-04-06T03:07:17,274 [main] INFO  (Driver.java:29) - Getting a driver instance
2024-04-06T03:07:18,063 [main] INFO  (Driver.java:71) - Closing the browser
2024-04-06T03:07:59,773 [main] INFO  (ConfigurationReader.java:19) - Loading the property file...
2024-04-06T03:07:59,779 [main] INFO  (ConfigurationReader.java:41) - Getting the property key {browserType} from the property file
2024-04-06T03:07:59,779 [main] INFO  (Driver.java:29) - Getting a driver instance
2024-04-06T03:07:59,779 [main] INFO  (Driver.java:34) - Starting a firefox browser
2024-04-06T03:08:04,472 [main] INFO  (ConfigurationReader.java:41) - Getting the property key {browserType} from the property file
2024-04-06T03:08:04,472 [main] INFO  (Driver.java:29) - Getting a driver instance
2024-04-06T03:08:06,398 [main] INFO  (SeleniumUtils.java:128) - Switching to new tab/window
2024-04-06T03:08:06,399 [main] INFO  (ConfigurationReader.java:41) - Getting the property key {browserType} from the property file
2024-04-06T03:08:06,399 [main] INFO  (Driver.java:29) - Getting a driver instance
2024-04-06T03:08:06,460 [main] INFO  (ConfigurationReader.java:41) - Getting the property key {browserType} from the property file
2024-04-06T03:08:06,460 [main] INFO  (Driver.java:29) - Getting a driver instance
2024-04-06T03:08:06,946 [main] INFO  (Driver.java:71) - Closing the browser
2024-04-06T03:10:47,018 [main] INFO  (ConfigurationReader.java:19) - Loading the property file...
2024-04-06T03:10:47,025 [main] INFO  (ConfigurationReader.java:41) - Getting the property key {browserType} from the property file
2024-04-06T03:10:47,026 [main] INFO  (Driver.java:29) - Getting a driver instance
2024-04-06T03:10:47,026 [main] INFO  (Driver.java:34) - Starting a firefox browser
2024-04-06T03:10:52,456 [main] INFO  (ConfigurationReader.java:41) - Getting the property key {browserType} from the property file
2024-04-06T03:10:52,456 [main] INFO  (Driver.java:29) - Getting a driver instance
2024-04-06T03:10:54,656 [main] INFO  (SeleniumUtils.java:128) - Switching to new tab/window
2024-04-06T03:10:54,656 [main] INFO  (ConfigurationReader.java:41) - Getting the property key {browserType} from the property file
2024-04-06T03:10:54,657 [main] INFO  (Driver.java:29) - Getting a driver instance
2024-04-06T03:10:54,704 [main] INFO  (ConfigurationReader.java:41) - Getting the property key {browserType} from the property file
2024-04-06T03:10:54,705 [main] INFO  (Driver.java:29) - Getting a driver instance
2024-04-06T03:10:55,362 [main] INFO  (Driver.java:71) - Closing the browser
2024-04-06T03:12:45,328 [main] INFO  (ConfigurationReader.java:19) - Loading the property file...
2024-04-06T03:12:45,332 [main] INFO  (ConfigurationReader.java:41) - Getting the property key {browserType} from the property file
2024-04-06T03:12:45,332 [main] INFO  (Driver.java:29) - Getting a driver instance
2024-04-06T03:12:45,333 [main] INFO  (Driver.java:34) - Starting a firefox browser
2024-04-06T03:12:50,488 [main] INFO  (ConfigurationReader.java:41) - Getting the property key {browserType} from the property file
2024-04-06T03:12:50,488 [main] INFO  (Driver.java:29) - Getting a driver instance
2024-04-06T03:12:52,630 [main] INFO  (SeleniumUtils.java:46) - Waiting for an element until its visible
2024-04-06T03:12:52,630 [main] INFO  (ConfigurationReader.java:41) - Getting the property key {explicitWait} from the property file
2024-04-06T03:12:52,635 [main] INFO  (ConfigurationReader.java:41) - Getting the property key {browserType} from the property file
2024-04-06T03:12:52,636 [main] INFO  (Driver.java:29) - Getting a driver instance
2024-04-06T03:12:57,972 [main] INFO  (ConfigurationReader.java:41) - Getting the property key {browserType} from the property file
2024-04-06T03:12:57,972 [main] INFO  (Driver.java:29) - Getting a driver instance
2024-04-06T03:12:58,300 [main] INFO  (Driver.java:71) - Closing the browser
2024-04-06T03:14:19,609 [main] INFO  (ConfigurationReader.java:19) - Loading the property file...
2024-04-06T03:14:19,616 [main] INFO  (ConfigurationReader.java:41) - Getting the property key {browserType} from the property file
2024-04-06T03:14:19,616 [main] INFO  (Driver.java:29) - Getting a driver instance
2024-04-06T03:14:19,617 [main] INFO  (Driver.java:34) - Starting a firefox browser
2024-04-06T03:14:33,994 [main] INFO  (ConfigurationReader.java:19) - Loading the property file...
2024-04-06T03:14:34,001 [main] INFO  (ConfigurationReader.java:41) - Getting the property key {browserType} from the property file
2024-04-06T03:14:34,001 [main] INFO  (Driver.java:29) - Getting a driver instance
2024-04-06T03:14:34,002 [main] INFO  (Driver.java:34) - Starting a firefox browser
2024-04-06T03:14:38,964 [main] INFO  (ConfigurationReader.java:41) - Getting the property key {browserType} from the property file
2024-04-06T03:14:38,965 [main] INFO  (Driver.java:29) - Getting a driver instance
2024-04-06T03:14:40,796 [main] INFO  (SeleniumUtils.java:46) - Waiting for an element until its visible
2024-04-06T03:14:40,796 [main] INFO  (ConfigurationReader.java:41) - Getting the property key {explicitWait} from the property file
2024-04-06T03:14:40,798 [main] INFO  (ConfigurationReader.java:41) - Getting the property key {browserType} from the property file
2024-04-06T03:14:40,799 [main] INFO  (Driver.java:29) - Getting a driver instance
2024-04-06T03:14:45,909 [main] INFO  (ConfigurationReader.java:41) - Getting the property key {browserType} from the property file
2024-04-06T03:14:45,910 [main] INFO  (Driver.java:29) - Getting a driver instance
2024-04-06T03:14:46,297 [main] INFO  (Driver.java:71) - Closing the browser
2024-04-06T03:17:05,348 [main] INFO  (ConfigurationReader.java:19) - Loading the property file...
2024-04-06T03:17:05,361 [main] INFO  (ConfigurationReader.java:41) - Getting the property key {browserType} from the property file
2024-04-06T03:17:05,361 [main] INFO  (Driver.java:29) - Getting a driver instance
2024-04-06T03:17:05,361 [main] INFO  (Driver.java:34) - Starting a firefox browser
2024-04-06T03:17:10,380 [main] INFO  (ConfigurationReader.java:41) - Getting the property key {browserType} from the property file
2024-04-06T03:17:10,380 [main] INFO  (Driver.java:29) - Getting a driver instance
2024-04-06T03:17:12,977 [main] INFO  (SeleniumUtils.java:46) - Waiting for an element until its visible
2024-04-06T03:17:12,977 [main] INFO  (ConfigurationReader.java:41) - Getting the property key {explicitWait} from the property file
2024-04-06T03:17:12,980 [main] INFO  (ConfigurationReader.java:41) - Getting the property key {browserType} from the property file
2024-04-06T03:17:12,980 [main] INFO  (Driver.java:29) - Getting a driver instance
2024-04-06T03:17:29,528 [main] INFO  (ConfigurationReader.java:19) - Loading the property file...
2024-04-06T03:17:29,533 [main] INFO  (ConfigurationReader.java:41) - Getting the property key {browserType} from the property file
2024-04-06T03:17:29,533 [main] INFO  (Driver.java:29) - Getting a driver instance
2024-04-06T03:17:29,533 [main] INFO  (Driver.java:34) - Starting a firefox browser
2024-04-06T03:17:34,412 [main] INFO  (ConfigurationReader.java:41) - Getting the property key {browserType} from the property file
2024-04-06T03:17:34,413 [main] INFO  (Driver.java:29) - Getting a driver instance
2024-04-06T03:17:36,377 [main] INFO  (SeleniumUtils.java:128) - Switching to new tab/window
2024-04-06T03:17:36,377 [main] INFO  (ConfigurationReader.java:41) - Getting the property key {browserType} from the property file
2024-04-06T03:17:36,378 [main] INFO  (Driver.java:29) - Getting a driver instance
2024-04-06T03:17:36,428 [main] INFO  (ConfigurationReader.java:41) - Getting the property key {browserType} from the property file
2024-04-06T03:17:36,429 [main] INFO  (Driver.java:29) - Getting a driver instance
2024-04-06T03:17:36,917 [main] INFO  (Driver.java:71) - Closing the browser
2024-04-06T03:18:55,966 [main] INFO  (ConfigurationReader.java:19) - Loading the property file...
2024-04-06T03:18:55,972 [main] INFO  (ConfigurationReader.java:41) - Getting the property key {browserType} from the property file
2024-04-06T03:18:55,973 [main] INFO  (Driver.java:29) - Getting a driver instance
2024-04-06T03:18:55,973 [main] INFO  (Driver.java:34) - Starting a firefox browser
2024-04-06T03:19:00,858 [main] INFO  (ConfigurationReader.java:41) - Getting the property key {browserType} from the property file
2024-04-06T03:19:00,858 [main] INFO  (Driver.java:29) - Getting a driver instance
2024-04-06T03:19:02,959 [main] INFO  (SeleniumUtils.java:128) - Switching to new tab/window
2024-04-06T03:19:02,960 [main] INFO  (ConfigurationReader.java:41) - Getting the property key {browserType} from the property file
2024-04-06T03:19:02,960 [main] INFO  (Driver.java:29) - Getting a driver instance
2024-04-06T03:19:03,006 [main] INFO  (ConfigurationReader.java:41) - Getting the property key {browserType} from the property file
2024-04-06T03:19:03,007 [main] INFO  (Driver.java:29) - Getting a driver instance
2024-04-06T03:19:03,639 [main] INFO  (Driver.java:71) - Closing the browser
2024-04-06T03:19:41,229 [main] INFO  (ConfigurationReader.java:19) - Loading the property file...
2024-04-06T03:19:41,233 [main] INFO  (ConfigurationReader.java:41) - Getting the property key {browserType} from the property file
2024-04-06T03:19:41,234 [main] INFO  (Driver.java:29) - Getting a driver instance
2024-04-06T03:19:41,234 [main] INFO  (Driver.java:34) - Starting a firefox browser
2024-04-06T03:19:46,591 [main] INFO  (ConfigurationReader.java:41) - Getting the property key {browserType} from the property file
2024-04-06T03:19:46,591 [main] INFO  (Driver.java:29) - Getting a driver instance
2024-04-06T03:19:48,804 [main] INFO  (SeleniumUtils.java:128) - Switching to new tab/window
2024-04-06T03:19:48,804 [main] INFO  (ConfigurationReader.java:41) - Getting the property key {browserType} from the property file
2024-04-06T03:19:48,804 [main] INFO  (Driver.java:29) - Getting a driver instance
2024-04-06T03:19:48,852 [main] INFO  (ConfigurationReader.java:41) - Getting the property key {browserType} from the property file
2024-04-06T03:19:48,854 [main] INFO  (Driver.java:29) - Getting a driver instance
2024-04-06T03:19:49,329 [main] INFO  (Driver.java:71) - Closing the browser
2024-04-06T03:20:27,146 [main] INFO  (ConfigurationReader.java:19) - Loading the property file...
2024-04-06T03:20:27,151 [main] INFO  (ConfigurationReader.java:41) - Getting the property key {browserType} from the property file
2024-04-06T03:20:27,151 [main] INFO  (Driver.java:29) - Getting a driver instance
2024-04-06T03:20:27,151 [main] INFO  (Driver.java:34) - Starting a firefox browser
2024-04-06T03:20:31,856 [main] INFO  (ConfigurationReader.java:41) - Getting the property key {browserType} from the property file
2024-04-06T03:20:31,857 [main] INFO  (Driver.java:29) - Getting a driver instance
2024-04-06T03:20:34,921 [main] INFO  (SeleniumUtils.java:46) - Waiting for an element until its visible
2024-04-06T03:20:34,922 [main] INFO  (ConfigurationReader.java:41) - Getting the property key {explicitWait} from the property file
2024-04-06T03:20:34,924 [main] INFO  (ConfigurationReader.java:41) - Getting the property key {browserType} from the property file
2024-04-06T03:20:34,924 [main] INFO  (Driver.java:29) - Getting a driver instance
2024-04-06T03:20:40,235 [main] INFO  (ConfigurationReader.java:41) - Getting the property key {browserType} from the property file
2024-04-06T03:20:40,236 [main] INFO  (Driver.java:29) - Getting a driver instance
2024-04-06T03:20:40,619 [main] INFO  (Driver.java:71) - Closing the browser
2024-04-06T03:21:01,395 [main] INFO  (ConfigurationReader.java:19) - Loading the property file...
2024-04-06T03:21:01,406 [main] INFO  (ConfigurationReader.java:41) - Getting the property key {browserType} from the property file
2024-04-06T03:21:01,407 [main] INFO  (Driver.java:29) - Getting a driver instance
2024-04-06T03:21:01,407 [main] INFO  (Driver.java:34) - Starting a firefox browser
2024-04-06T03:21:07,065 [main] INFO  (ConfigurationReader.java:41) - Getting the property key {browserType} from the property file
2024-04-06T03:21:07,065 [main] INFO  (Driver.java:29) - Getting a driver instance
2024-04-06T03:21:08,951 [main] INFO  (SeleniumUtils.java:46) - Waiting for an element until its visible
2024-04-06T03:21:08,952 [main] INFO  (ConfigurationReader.java:41) - Getting the property key {explicitWait} from the property file
2024-04-06T03:21:08,954 [main] INFO  (ConfigurationReader.java:41) - Getting the property key {browserType} from the property file
2024-04-06T03:21:08,955 [main] INFO  (Driver.java:29) - Getting a driver instance
2024-04-06T03:21:09,407 [main] INFO  (ConfigurationReader.java:19) - Loading the property file...
2024-04-06T03:21:09,421 [main] INFO  (ConfigurationReader.java:41) - Getting the property key {browserType} from the property file
2024-04-06T03:21:09,422 [main] INFO  (Driver.java:29) - Getting a driver instance
2024-04-06T03:21:09,423 [main] INFO  (Driver.java:34) - Starting a firefox browser
2024-04-06T03:21:14,192 [main] INFO  (ConfigurationReader.java:41) - Getting the property key {browserType} from the property file
2024-04-06T03:21:14,192 [main] INFO  (Driver.java:29) - Getting a driver instance
2024-04-06T03:21:14,590 [main] INFO  (Driver.java:71) - Closing the browser
2024-04-06T03:21:15,808 [main] INFO  (ConfigurationReader.java:41) - Getting the property key {browserType} from the property file
2024-04-06T03:21:15,808 [main] INFO  (Driver.java:29) - Getting a driver instance
2024-04-06T03:21:18,381 [main] INFO  (SeleniumUtils.java:46) - Waiting for an element until its visible
2024-04-06T03:21:18,383 [main] INFO  (ConfigurationReader.java:41) - Getting the property key {explicitWait} from the property file
2024-04-06T03:21:18,387 [main] INFO  (ConfigurationReader.java:41) - Getting the property key {browserType} from the property file
2024-04-06T03:21:18,388 [main] INFO  (Driver.java:29) - Getting a driver instance
2024-04-06T03:21:23,506 [main] INFO  (ConfigurationReader.java:41) - Getting the property key {browserType} from the property file
2024-04-06T03:21:23,506 [main] INFO  (Driver.java:29) - Getting a driver instance
2024-04-06T03:21:23,888 [main] INFO  (Driver.java:71) - Closing the browser
2024-04-06T03:25:21,605 [main] INFO  (ConfigurationReader.java:19) - Loading the property file...
2024-04-06T03:25:21,614 [main] INFO  (ConfigurationReader.java:41) - Getting the property key {browserType} from the property file
2024-04-06T03:25:21,614 [main] INFO  (Driver.java:29) - Getting a driver instance
2024-04-06T03:25:21,614 [main] INFO  (Driver.java:34) - Starting a firefox browser
2024-04-06T03:25:24,739 [main] INFO  (ConfigurationReader.java:19) - Loading the property file...
2024-04-06T03:25:24,746 [main] INFO  (ConfigurationReader.java:41) - Getting the property key {browserType} from the property file
2024-04-06T03:25:24,746 [main] INFO  (Driver.java:29) - Getting a driver instance
2024-04-06T03:25:24,746 [main] INFO  (Driver.java:34) - Starting a firefox browser
2024-04-06T03:25:26,894 [main] INFO  (ConfigurationReader.java:41) - Getting the property key {browserType} from the property file
2024-04-06T03:25:26,894 [main] INFO  (Driver.java:29) - Getting a driver instance
2024-04-06T03:25:29,199 [main] INFO  (SeleniumUtils.java:151) - Switching to default tab/window
2024-04-06T03:25:29,200 [main] INFO  (ConfigurationReader.java:41) - Getting the property key {browserType} from the property file
2024-04-06T03:25:29,200 [main] INFO  (Driver.java:29) - Getting a driver instance
2024-04-06T03:25:29,245 [main] INFO  (SeleniumUtils.java:46) - Waiting for an element until its visible
2024-04-06T03:25:29,246 [main] INFO  (ConfigurationReader.java:41) - Getting the property key {explicitWait} from the property file
2024-04-06T03:25:29,248 [main] INFO  (ConfigurationReader.java:41) - Getting the property key {browserType} from the property file
2024-04-06T03:25:29,249 [main] INFO  (Driver.java:29) - Getting a driver instance
2024-04-06T03:25:31,467 [main] INFO  (ConfigurationReader.java:41) - Getting the property key {browserType} from the property file
2024-04-06T03:25:31,467 [main] INFO  (Driver.java:29) - Getting a driver instance
2024-04-06T03:25:33,754 [main] INFO  (SeleniumUtils.java:151) - Switching to default tab/window
2024-04-06T03:25:33,755 [main] INFO  (ConfigurationReader.java:41) - Getting the property key {browserType} from the property file
2024-04-06T03:25:33,755 [main] INFO  (Driver.java:29) - Getting a driver instance
2024-04-06T03:25:33,834 [main] INFO  (SeleniumUtils.java:46) - Waiting for an element until its visible
2024-04-06T03:25:33,835 [main] INFO  (ConfigurationReader.java:41) - Getting the property key {explicitWait} from the property file
2024-04-06T03:25:33,838 [main] INFO  (ConfigurationReader.java:41) - Getting the property key {browserType} from the property file
2024-04-06T03:25:33,839 [main] INFO  (Driver.java:29) - Getting a driver instance
2024-04-06T03:25:34,571 [main] INFO  (ConfigurationReader.java:41) - Getting the property key {browserType} from the property file
2024-04-06T03:25:34,571 [main] INFO  (Driver.java:29) - Getting a driver instance
2024-04-06T03:25:35,095 [main] INFO  (Driver.java:71) - Closing the browser
2024-04-06T03:25:39,101 [main] INFO  (ConfigurationReader.java:41) - Getting the property key {browserType} from the property file
2024-04-06T03:25:39,102 [main] INFO  (Driver.java:29) - Getting a driver instance
2024-04-06T03:25:39,581 [main] INFO  (Driver.java:71) - Closing the browser
2024-04-06T03:26:02,678 [main] INFO  (ConfigurationReader.java:19) - Loading the property file...
2024-04-06T03:26:02,685 [main] INFO  (ConfigurationReader.java:41) - Getting the property key {browserType} from the property file
2024-04-06T03:26:02,685 [main] INFO  (Driver.java:29) - Getting a driver instance
2024-04-06T03:26:02,686 [main] INFO  (Driver.java:34) - Starting a firefox browser
2024-04-06T03:26:07,645 [main] INFO  (ConfigurationReader.java:41) - Getting the property key {browserType} from the property file
2024-04-06T03:26:07,645 [main] INFO  (Driver.java:29) - Getting a driver instance
2024-04-06T03:26:10,917 [main] INFO  (SeleniumUtils.java:151) - Switching to default tab/window
2024-04-06T03:26:10,917 [main] INFO  (ConfigurationReader.java:41) - Getting the property key {browserType} from the property file
2024-04-06T03:26:10,918 [main] INFO  (Driver.java:29) - Getting a driver instance
2024-04-06T03:26:10,935 [main] INFO  (SeleniumUtils.java:46) - Waiting for an element until its visible
2024-04-06T03:26:10,936 [main] INFO  (ConfigurationReader.java:41) - Getting the property key {explicitWait} from the property file
2024-04-06T03:26:10,938 [main] INFO  (ConfigurationReader.java:41) - Getting the property key {browserType} from the property file
2024-04-06T03:26:10,938 [main] INFO  (Driver.java:29) - Getting a driver instance
2024-04-06T03:26:16,220 [main] INFO  (ConfigurationReader.java:41) - Getting the property key {browserType} from the property file
2024-04-06T03:26:16,221 [main] INFO  (Driver.java:29) - Getting a driver instance
2024-04-06T03:26:16,617 [main] INFO  (Driver.java:71) - Closing the browser
2024-04-06T03:26:48,480 [main] INFO  (ConfigurationReader.java:19) - Loading the property file...
2024-04-06T03:26:48,490 [main] INFO  (ConfigurationReader.java:41) - Getting the property key {browserType} from the property file
2024-04-06T03:26:48,491 [main] INFO  (Driver.java:29) - Getting a driver instance
2024-04-06T03:26:48,491 [main] INFO  (Driver.java:34) - Starting a firefox browser
2024-04-06T03:26:53,947 [main] INFO  (ConfigurationReader.java:41) - Getting the property key {browserType} from the property file
2024-04-06T03:26:53,947 [main] INFO  (Driver.java:29) - Getting a driver instance
2024-04-06T03:27:30,226 [main] INFO  (ConfigurationReader.java:19) - Loading the property file...
2024-04-06T03:27:30,241 [main] INFO  (ConfigurationReader.java:41) - Getting the property key {browserType} from the property file
2024-04-06T03:27:30,241 [main] INFO  (Driver.java:29) - Getting a driver instance
2024-04-06T03:27:30,241 [main] INFO  (Driver.java:34) - Starting a firefox browser
2024-04-06T03:27:34,183 [main] INFO  (ConfigurationReader.java:19) - Loading the property file...
2024-04-06T03:27:34,191 [main] INFO  (ConfigurationReader.java:41) - Getting the property key {browserType} from the property file
2024-04-06T03:27:34,192 [main] INFO  (Driver.java:29) - Getting a driver instance
2024-04-06T03:27:34,192 [main] INFO  (Driver.java:34) - Starting a firefox browser
2024-04-06T03:27:35,025 [main] INFO  (ConfigurationReader.java:41) - Getting the property key {browserType} from the property file
2024-04-06T03:27:35,025 [main] INFO  (Driver.java:29) - Getting a driver instance
2024-04-06T03:27:37,282 [main] INFO  (SeleniumUtils.java:35) - Waiting for an element until its visible
2024-04-06T03:27:37,282 [main] INFO  (ConfigurationReader.java:41) - Getting the property key {explicitWait} from the property file
2024-04-06T03:27:37,286 [main] INFO  (ConfigurationReader.java:41) - Getting the property key {browserType} from the property file
2024-04-06T03:27:37,287 [main] INFO  (Driver.java:29) - Getting a driver instance
2024-04-06T03:27:37,831 [main] INFO  (MainPage.java:152) - getting the text for Continue with email  
2024-04-06T03:27:37,942 [main] INFO  (MainPage.java:161) - getting the text for apple 
2024-04-06T03:27:38,028 [main] INFO  (MainPage.java:157) - Getting the text for Google
2024-04-06T03:27:38,188 [main] INFO  (ConfigurationReader.java:41) - Getting the property key {browserType} from the property file
2024-04-06T03:27:38,189 [main] INFO  (Driver.java:29) - Getting a driver instance
2024-04-06T03:27:39,183 [main] INFO  (Driver.java:71) - Closing the browser
2024-04-06T03:27:40,797 [main] INFO  (ConfigurationReader.java:41) - Getting the property key {browserType} from the property file
2024-04-06T03:27:40,798 [main] INFO  (Driver.java:29) - Getting a driver instance
2024-04-06T03:27:43,270 [main] INFO  (SeleniumUtils.java:35) - Waiting for an element until its visible
2024-04-06T03:27:43,271 [main] INFO  (ConfigurationReader.java:41) - Getting the property key {explicitWait} from the property file
2024-04-06T03:27:43,273 [main] INFO  (ConfigurationReader.java:41) - Getting the property key {browserType} from the property file
2024-04-06T03:27:43,273 [main] INFO  (Driver.java:29) - Getting a driver instance
2024-04-06T03:27:43,761 [main] INFO  (MainPage.java:152) - getting the text for Continue with email  
2024-04-06T03:27:43,940 [main] INFO  (MainPage.java:161) - getting the text for apple 
2024-04-06T03:27:44,187 [main] INFO  (MainPage.java:157) - Getting the text for Google
2024-04-06T03:27:44,414 [main] INFO  (ConfigurationReader.java:41) - Getting the property key {browserType} from the property file
2024-04-06T03:27:44,415 [main] INFO  (Driver.java:29) - Getting a driver instance
2024-04-06T03:27:45,336 [main] INFO  (Driver.java:71) - Closing the browser
2024-04-06T03:28:25,882 [main] INFO  (ConfigurationReader.java:19) - Loading the property file...
2024-04-06T03:28:25,888 [main] INFO  (ConfigurationReader.java:41) - Getting the property key {browserType} from the property file
2024-04-06T03:28:25,888 [main] INFO  (Driver.java:29) - Getting a driver instance
2024-04-06T03:28:25,888 [main] INFO  (Driver.java:34) - Starting a firefox browser
2024-04-06T03:28:29,230 [main] INFO  (ConfigurationReader.java:19) - Loading the property file...
2024-04-06T03:28:29,239 [main] INFO  (ConfigurationReader.java:41) - Getting the property key {browserType} from the property file
2024-04-06T03:28:29,240 [main] INFO  (Driver.java:29) - Getting a driver instance
2024-04-06T03:28:29,240 [main] INFO  (Driver.java:34) - Starting a firefox browser
2024-04-06T03:28:30,768 [main] INFO  (ConfigurationReader.java:41) - Getting the property key {browserType} from the property file
2024-04-06T03:28:30,768 [main] INFO  (Driver.java:29) - Getting a driver instance
2024-04-06T03:28:33,957 [main] INFO  (SeleniumUtils.java:35) - Waiting for an element until its visible
2024-04-06T03:28:33,957 [main] INFO  (ConfigurationReader.java:41) - Getting the property key {explicitWait} from the property file
2024-04-06T03:28:33,960 [main] INFO  (ConfigurationReader.java:41) - Getting the property key {browserType} from the property file
2024-04-06T03:28:33,960 [main] INFO  (Driver.java:29) - Getting a driver instance
2024-04-06T03:28:34,243 [main] INFO  (MainPage.java:152) - getting the text for Continue with email  
2024-04-06T03:28:34,336 [main] INFO  (ConfigurationReader.java:41) - Getting the property key {browserType} from the property file
2024-04-06T03:28:34,338 [main] INFO  (Driver.java:29) - Getting a driver instance
2024-04-06T03:28:34,928 [main] INFO  (Driver.java:71) - Closing the browser
2024-04-06T03:28:35,563 [main] INFO  (ConfigurationReader.java:41) - Getting the property key {browserType} from the property file
2024-04-06T03:28:35,564 [main] INFO  (Driver.java:29) - Getting a driver instance
2024-04-06T03:28:38,303 [main] INFO  (SeleniumUtils.java:35) - Waiting for an element until its visible
2024-04-06T03:28:38,303 [main] INFO  (ConfigurationReader.java:41) - Getting the property key {explicitWait} from the property file
2024-04-06T03:28:38,306 [main] INFO  (ConfigurationReader.java:41) - Getting the property key {browserType} from the property file
2024-04-06T03:28:38,306 [main] INFO  (Driver.java:29) - Getting a driver instance
2024-04-06T03:28:38,916 [main] INFO  (MainPage.java:152) - getting the text for Continue with email  
2024-04-06T03:28:39,058 [main] INFO  (MainPage.java:161) - getting the text for apple 
2024-04-06T03:28:39,113 [main] INFO  (MainPage.java:157) - Getting the text for Google
2024-04-06T03:28:39,217 [main] INFO  (ConfigurationReader.java:41) - Getting the property key {browserType} from the property file
2024-04-06T03:28:39,218 [main] INFO  (Driver.java:29) - Getting a driver instance
2024-04-06T03:28:39,983 [main] INFO  (Driver.java:71) - Closing the browser
2024-04-06T03:41:31,799 [main] INFO  (ConfigurationReader.java:19) - Loading the property file...
2024-04-06T03:41:31,806 [main] INFO  (ConfigurationReader.java:41) - Getting the property key {browserType} from the property file
2024-04-06T03:41:31,806 [main] INFO  (Driver.java:29) - Getting a driver instance
2024-04-06T03:41:31,806 [main] INFO  (Driver.java:34) - Starting a firefox browser
2024-04-06T03:41:36,850 [main] INFO  (ConfigurationReader.java:41) - Getting the property key {browserType} from the property file
2024-04-06T03:41:36,851 [main] INFO  (Driver.java:29) - Getting a driver instance
2024-04-06T03:41:39,416 [main] INFO  (SeleniumUtils.java:35) - Waiting for an element until its visible
2024-04-06T03:41:39,417 [main] INFO  (ConfigurationReader.java:41) - Getting the property key {explicitWait} from the property file
2024-04-06T03:41:39,420 [main] INFO  (ConfigurationReader.java:41) - Getting the property key {browserType} from the property file
2024-04-06T03:41:39,420 [main] INFO  (Driver.java:29) - Getting a driver instance
2024-04-06T03:41:39,631 [main] INFO  (MainPage.java:152) - getting the text for Continue with email  
2024-04-06T03:41:39,788 [main] INFO  (MainPage.java:161) - getting the text for apple 
2024-04-06T03:41:39,826 [main] INFO  (MainPage.java:157) - Getting the text for Google
2024-04-06T03:41:39,897 [main] INFO  (ConfigurationReader.java:41) - Getting the property key {browserType} from the property file
2024-04-06T03:41:39,898 [main] INFO  (Driver.java:29) - Getting a driver instance
2024-04-06T03:41:40,469 [main] INFO  (Driver.java:71) - Closing the browser
2024-04-06T03:42:46,586 [main] INFO  (ConfigurationReader.java:19) - Loading the property file...
2024-04-06T03:42:46,592 [main] INFO  (ConfigurationReader.java:41) - Getting the property key {browserType} from the property file
2024-04-06T03:42:46,592 [main] INFO  (Driver.java:29) - Getting a driver instance
2024-04-06T03:42:46,593 [main] INFO  (Driver.java:34) - Starting a firefox browser
2024-04-06T03:42:51,841 [main] INFO  (ConfigurationReader.java:41) - Getting the property key {browserType} from the property file
2024-04-06T03:42:51,841 [main] INFO  (Driver.java:29) - Getting a driver instance
2024-04-06T03:42:53,861 [main] INFO  (SeleniumUtils.java:35) - Waiting for an element until its visible
2024-04-06T03:42:53,861 [main] INFO  (ConfigurationReader.java:41) - Getting the property key {explicitWait} from the property file
2024-04-06T03:42:53,863 [main] INFO  (ConfigurationReader.java:41) - Getting the property key {browserType} from the property file
2024-04-06T03:42:53,863 [main] INFO  (Driver.java:29) - Getting a driver instance
2024-04-06T03:42:54,229 [main] INFO  (MainPage.java:152) - getting the text for Continue with email  
2024-04-06T03:42:54,302 [main] INFO  (MainPage.java:161) - getting the text for apple 
2024-04-06T03:42:54,370 [main] INFO  (MainPage.java:157) - Getting the text for Google
2024-04-06T03:42:54,464 [main] INFO  (ConfigurationReader.java:41) - Getting the property key {browserType} from the property file
2024-04-06T03:42:54,464 [main] INFO  (Driver.java:29) - Getting a driver instance
2024-04-06T03:42:55,427 [main] INFO  (Driver.java:71) - Closing the browser
2024-04-06T03:43:36,281 [main] INFO  (ConfigurationReader.java:19) - Loading the property file...
2024-04-06T03:43:36,297 [main] INFO  (ConfigurationReader.java:41) - Getting the property key {browserType} from the property file
2024-04-06T03:43:36,298 [main] INFO  (Driver.java:29) - Getting a driver instance
2024-04-06T03:43:36,298 [main] INFO  (Driver.java:34) - Starting a firefox browser
2024-04-06T03:43:38,421 [main] INFO  (ConfigurationReader.java:19) - Loading the property file...
2024-04-06T03:43:38,429 [main] INFO  (ConfigurationReader.java:41) - Getting the property key {browserType} from the property file
2024-04-06T03:43:38,429 [main] INFO  (Driver.java:29) - Getting a driver instance
2024-04-06T03:43:38,430 [main] INFO  (Driver.java:34) - Starting a firefox browser
2024-04-06T03:43:42,913 [main] INFO  (ConfigurationReader.java:41) - Getting the property key {browserType} from the property file
2024-04-06T03:43:42,913 [main] INFO  (Driver.java:29) - Getting a driver instance
2024-04-06T03:43:44,179 [main] INFO  (ConfigurationReader.java:41) - Getting the property key {browserType} from the property file
2024-04-06T03:43:44,179 [main] INFO  (Driver.java:29) - Getting a driver instance
2024-04-06T03:43:45,922 [main] INFO  (SeleniumUtils.java:35) - Waiting for an element until its visible
2024-04-06T03:43:45,922 [main] INFO  (ConfigurationReader.java:41) - Getting the property key {explicitWait} from the property file
2024-04-06T03:43:45,926 [main] INFO  (ConfigurationReader.java:41) - Getting the property key {browserType} from the property file
2024-04-06T03:43:45,927 [main] INFO  (Driver.java:29) - Getting a driver instance
2024-04-06T03:43:46,035 [main] INFO  (MainPage.java:152) - getting the text for Continue with email  
2024-04-06T03:43:46,088 [main] INFO  (ConfigurationReader.java:41) - Getting the property key {browserType} from the property file
2024-04-06T03:43:46,088 [main] INFO  (Driver.java:29) - Getting a driver instance
2024-04-06T03:43:46,720 [main] INFO  (SeleniumUtils.java:35) - Waiting for an element until its visible
2024-04-06T03:43:46,720 [main] INFO  (ConfigurationReader.java:41) - Getting the property key {explicitWait} from the property file
2024-04-06T03:43:46,724 [main] INFO  (ConfigurationReader.java:41) - Getting the property key {browserType} from the property file
2024-04-06T03:43:46,724 [main] INFO  (Driver.java:29) - Getting a driver instance
2024-04-06T03:43:47,071 [main] INFO  (Driver.java:71) - Closing the browser
2024-04-06T03:43:47,081 [main] INFO  (MainPage.java:152) - getting the text for Continue with email  
2024-04-06T03:43:47,415 [main] INFO  (MainPage.java:157) - Getting the text for Google
2024-04-06T03:43:47,493 [main] INFO  (MainPage.java:161) - getting the text for apple 
2024-04-06T03:43:47,651 [main] INFO  (Driver.java:71) - Closing the browser
2024-04-06T03:45:24,526 [main] INFO  (ConfigurationReader.java:19) - Loading the property file...
2024-04-06T03:45:24,532 [main] INFO  (ConfigurationReader.java:41) - Getting the property key {browserType} from the property file
2024-04-06T03:45:24,533 [main] INFO  (Driver.java:29) - Getting a driver instance
2024-04-06T03:45:24,533 [main] INFO  (Driver.java:34) - Starting a firefox browser
2024-04-06T03:45:29,814 [main] INFO  (ConfigurationReader.java:41) - Getting the property key {browserType} from the property file
2024-04-06T03:45:29,814 [main] INFO  (Driver.java:29) - Getting a driver instance
2024-04-06T03:45:31,850 [main] INFO  (SeleniumUtils.java:35) - Waiting for an element until its visible
2024-04-06T03:45:31,850 [main] INFO  (ConfigurationReader.java:41) - Getting the property key {explicitWait} from the property file
2024-04-06T03:45:31,854 [main] INFO  (ConfigurationReader.java:41) - Getting the property key {browserType} from the property file
2024-04-06T03:45:31,855 [main] INFO  (Driver.java:29) - Getting a driver instance
2024-04-06T03:45:32,118 [main] INFO  (MainPage.java:152) - getting the text for Continue with email  
2024-04-06T03:45:32,248 [main] INFO  (MainPage.java:157) - Getting the text for Google
2024-04-06T03:45:32,290 [main] INFO  (MainPage.java:161) - getting the text for apple 
2024-04-06T03:45:32,344 [main] INFO  (Driver.java:71) - Closing the browser
2024-04-06T03:45:57,872 [main] INFO  (ConfigurationReader.java:19) - Loading the property file...
2024-04-06T03:45:57,882 [main] INFO  (ConfigurationReader.java:41) - Getting the property key {browserType} from the property file
2024-04-06T03:45:57,882 [main] INFO  (Driver.java:29) - Getting a driver instance
2024-04-06T03:45:57,883 [main] INFO  (Driver.java:34) - Starting a firefox browser
2024-04-06T03:46:03,948 [main] INFO  (ConfigurationReader.java:41) - Getting the property key {browserType} from the property file
2024-04-06T03:46:03,948 [main] INFO  (Driver.java:29) - Getting a driver instance
2024-04-06T03:46:05,930 [main] INFO  (SeleniumUtils.java:35) - Waiting for an element until its visible
2024-04-06T03:46:05,930 [main] INFO  (ConfigurationReader.java:41) - Getting the property key {explicitWait} from the property file
2024-04-06T03:46:05,933 [main] INFO  (ConfigurationReader.java:41) - Getting the property key {browserType} from the property file
2024-04-06T03:46:05,933 [main] INFO  (Driver.java:29) - Getting a driver instance
2024-04-06T03:46:06,198 [main] INFO  (MainPage.java:152) - getting the text for Continue with email  
2024-04-06T03:46:06,242 [main] INFO  (MainPage.java:157) - Getting the text for Google
2024-04-06T03:46:06,309 [main] INFO  (MainPage.java:161) - getting the text for apple 
2024-04-06T03:46:06,357 [main] INFO  (Driver.java:71) - Closing the browser
2024-04-06T03:46:28,150 [main] INFO  (ConfigurationReader.java:19) - Loading the property file...
2024-04-06T03:46:28,158 [main] INFO  (ConfigurationReader.java:41) - Getting the property key {browserType} from the property file
2024-04-06T03:46:28,158 [main] INFO  (Driver.java:29) - Getting a driver instance
2024-04-06T03:46:28,158 [main] INFO  (Driver.java:34) - Starting a firefox browser
2024-04-06T03:46:32,972 [main] INFO  (ConfigurationReader.java:41) - Getting the property key {browserType} from the property file
2024-04-06T03:46:32,972 [main] INFO  (Driver.java:29) - Getting a driver instance
2024-04-06T03:46:35,074 [main] INFO  (SeleniumUtils.java:35) - Waiting for an element until its visible
2024-04-06T03:46:35,075 [main] INFO  (ConfigurationReader.java:41) - Getting the property key {explicitWait} from the property file
2024-04-06T03:46:35,079 [main] INFO  (ConfigurationReader.java:41) - Getting the property key {browserType} from the property file
2024-04-06T03:46:35,079 [main] INFO  (Driver.java:29) - Getting a driver instance
2024-04-06T03:46:35,127 [main] INFO  (ConfigurationReader.java:41) - Getting the property key {browserType} from the property file
2024-04-06T03:46:35,128 [main] INFO  (Driver.java:29) - Getting a driver instance
2024-04-06T03:47:06,010 [main] INFO  (ConfigurationReader.java:19) - Loading the property file...
2024-04-06T03:47:06,033 [main] INFO  (ConfigurationReader.java:41) - Getting the property key {browserType} from the property file
2024-04-06T03:47:06,034 [main] INFO  (Driver.java:29) - Getting a driver instance
2024-04-06T03:47:06,035 [main] INFO  (Driver.java:34) - Starting a firefox browser
2024-04-06T03:47:08,349 [main] INFO  (ConfigurationReader.java:19) - Loading the property file...
2024-04-06T03:47:08,359 [main] INFO  (ConfigurationReader.java:41) - Getting the property key {browserType} from the property file
2024-04-06T03:47:08,360 [main] INFO  (Driver.java:29) - Getting a driver instance
2024-04-06T03:47:08,360 [main] INFO  (Driver.java:34) - Starting a firefox browser
2024-04-06T03:47:13,021 [main] INFO  (ConfigurationReader.java:41) - Getting the property key {browserType} from the property file
2024-04-06T03:47:13,021 [main] INFO  (Driver.java:29) - Getting a driver instance
2024-04-06T03:47:14,378 [main] INFO  (ConfigurationReader.java:41) - Getting the property key {browserType} from the property file
2024-04-06T03:47:14,379 [main] INFO  (Driver.java:29) - Getting a driver instance
2024-04-06T03:47:14,408 [main] INFO  (MainPage.java:79) - scroll down to the end of the web page 
2024-04-06T03:47:14,410 [main] INFO  (SeleniumUtils.java:187) - scroll to an element using JS
2024-04-06T03:47:14,410 [main] INFO  (ConfigurationReader.java:41) - Getting the property key {browserType} from the property file
2024-04-06T03:47:14,411 [main] INFO  (Driver.java:29) - Getting a driver instance
2024-04-06T03:47:14,920 [main] INFO  (ConfigurationReader.java:41) - Getting the property key {browserType} from the property file
2024-04-06T03:47:14,920 [main] INFO  (Driver.java:29) - Getting a driver instance
2024-04-06T03:47:14,941 [main] INFO  (ConfigurationReader.java:41) - Getting the property key {browserType} from the property file
2024-04-06T03:47:14,942 [main] INFO  (Driver.java:29) - Getting a driver instance
2024-04-06T03:47:15,369 [main] INFO  (Driver.java:71) - Closing the browser
2024-04-06T03:47:16,303 [main] INFO  (ConfigurationReader.java:41) - Getting the property key {browserType} from the property file
2024-04-06T03:47:16,303 [main] INFO  (Driver.java:29) - Getting a driver instance
2024-04-06T03:47:16,315 [main] INFO  (MainPage.java:79) - scroll down to the end of the web page 
2024-04-06T03:47:16,318 [main] INFO  (SeleniumUtils.java:187) - scroll to an element using JS
2024-04-06T03:47:16,319 [main] INFO  (ConfigurationReader.java:41) - Getting the property key {browserType} from the property file
2024-04-06T03:47:16,319 [main] INFO  (Driver.java:29) - Getting a driver instance
2024-04-06T03:47:16,681 [main] INFO  (ConfigurationReader.java:41) - Getting the property key {browserType} from the property file
2024-04-06T03:47:16,681 [main] INFO  (Driver.java:29) - Getting a driver instance
2024-04-06T03:47:16,682 [main] INFO  (Driver.java:34) - Starting a firefox browser
2024-04-06T03:47:16,940 [main] INFO  (ConfigurationReader.java:41) - Getting the property key {browserType} from the property file
2024-04-06T03:47:16,941 [main] INFO  (Driver.java:29) - Getting a driver instance
2024-04-06T03:47:17,449 [main] INFO  (Driver.java:71) - Closing the browser
2024-04-06T03:47:18,789 [main] INFO  (ConfigurationReader.java:41) - Getting the property key {browserType} from the property file
2024-04-06T03:47:18,789 [main] INFO  (Driver.java:29) - Getting a driver instance
2024-04-06T03:47:18,790 [main] INFO  (Driver.java:34) - Starting a firefox browser
2024-04-06T03:47:21,432 [main] INFO  (ConfigurationReader.java:41) - Getting the property key {browserType} from the property file
2024-04-06T03:47:21,432 [main] INFO  (Driver.java:29) - Getting a driver instance
2024-04-06T03:47:22,727 [main] INFO  (MainPage.java:70) - Checking if the Main Logo Label is displayed or not
2024-04-06T03:47:23,173 [main] INFO  (ConfigurationReader.java:41) - Getting the property key {browserType} from the property file
2024-04-06T03:47:23,174 [main] INFO  (Driver.java:29) - Getting a driver instance
2024-04-06T03:47:23,439 [main] INFO  (Driver.java:71) - Closing the browser
2024-04-06T03:47:24,864 [main] INFO  (ConfigurationReader.java:41) - Getting the property key {browserType} from the property file
2024-04-06T03:47:24,864 [main] INFO  (Driver.java:29) - Getting a driver instance
2024-04-06T03:47:24,864 [main] INFO  (Driver.java:34) - Starting a firefox browser
2024-04-06T03:47:25,629 [main] INFO  (MainPage.java:70) - Checking if the Main Logo Label is displayed or not
2024-04-06T03:47:25,842 [main] INFO  (Driver.java:71) - Closing the browser
2024-04-06T03:47:27,083 [main] INFO  (ConfigurationReader.java:41) - Getting the property key {browserType} from the property file
2024-04-06T03:47:27,084 [main] INFO  (Driver.java:29) - Getting a driver instance
2024-04-06T03:47:27,084 [main] INFO  (Driver.java:34) - Starting a firefox browser
2024-04-06T03:47:29,605 [main] INFO  (ConfigurationReader.java:41) - Getting the property key {browserType} from the property file
2024-04-06T03:47:29,605 [main] INFO  (Driver.java:29) - Getting a driver instance
2024-04-06T03:47:31,497 [main] INFO  (ConfigurationReader.java:41) - Getting the property key {browserType} from the property file
2024-04-06T03:47:31,498 [main] INFO  (Driver.java:29) - Getting a driver instance
2024-04-06T03:47:31,977 [main] INFO  (SeleniumUtils.java:35) - Waiting for an element until its visible
2024-04-06T03:47:31,978 [main] INFO  (ConfigurationReader.java:41) - Getting the property key {explicitWait} from the property file
2024-04-06T03:47:31,982 [main] INFO  (ConfigurationReader.java:41) - Getting the property key {browserType} from the property file
2024-04-06T03:47:31,982 [main] INFO  (Driver.java:29) - Getting a driver instance
2024-04-06T03:47:32,499 [main] INFO  (MainPage.java:152) - getting the text for Continue with email  
2024-04-06T03:47:32,577 [main] INFO  (MainPage.java:157) - Getting the text for Google
2024-04-06T03:47:32,612 [main] INFO  (MainPage.java:161) - getting the text for apple 
2024-04-06T03:47:32,712 [main] INFO  (Driver.java:71) - Closing the browser
2024-04-06T03:47:34,125 [main] INFO  (SeleniumUtils.java:35) - Waiting for an element until its visible
2024-04-06T03:47:34,126 [main] INFO  (ConfigurationReader.java:41) - Getting the property key {explicitWait} from the property file
2024-04-06T03:47:34,128 [main] INFO  (ConfigurationReader.java:41) - Getting the property key {browserType} from the property file
2024-04-06T03:47:34,129 [main] INFO  (Driver.java:29) - Getting a driver instance
2024-04-06T03:47:34,546 [main] INFO  (MainPage.java:152) - getting the text for Continue with email  
2024-04-06T03:47:34,743 [main] INFO  (MainPage.java:157) - Getting the text for Google
2024-04-06T03:47:34,813 [main] INFO  (MainPage.java:161) - getting the text for apple 
2024-04-06T03:47:34,894 [main] INFO  (Driver.java:71) - Closing the browser
2024-04-06T03:48:16,694 [main] INFO  (ConfigurationReader.java:19) - Loading the property file...
2024-04-06T03:48:16,710 [main] INFO  (ConfigurationReader.java:41) - Getting the property key {browserType} from the property file
2024-04-06T03:48:16,710 [main] INFO  (Driver.java:29) - Getting a driver instance
2024-04-06T03:48:16,711 [main] INFO  (Driver.java:34) - Starting a firefox browser
2024-04-06T03:48:19,001 [main] INFO  (ConfigurationReader.java:19) - Loading the property file...
2024-04-06T03:48:19,014 [main] INFO  (ConfigurationReader.java:41) - Getting the property key {browserType} from the property file
2024-04-06T03:48:19,015 [main] INFO  (Driver.java:29) - Getting a driver instance
2024-04-06T03:48:19,016 [main] INFO  (Driver.java:34) - Starting a firefox browser
2024-04-06T03:48:23,679 [main] INFO  (ConfigurationReader.java:41) - Getting the property key {browserType} from the property file
2024-04-06T03:48:23,679 [main] INFO  (Driver.java:29) - Getting a driver instance
2024-04-06T03:48:25,012 [main] INFO  (ConfigurationReader.java:41) - Getting the property key {browserType} from the property file
2024-04-06T03:48:25,013 [main] INFO  (Driver.java:29) - Getting a driver instance
2024-04-06T03:48:26,176 [main] INFO  (ConfigurationReader.java:41) - Getting the property key {browserType} from the property file
2024-04-06T03:48:26,176 [main] INFO  (Driver.java:29) - Getting a driver instance
2024-04-06T03:48:26,212 [main] INFO  (ConfigurationReader.java:41) - Getting the property key {browserType} from the property file
2024-04-06T03:48:26,213 [main] INFO  (Driver.java:29) - Getting a driver instance
2024-04-06T03:48:26,216 [main] INFO  (MainPage.java:79) - scroll down to the end of the web page 
2024-04-06T03:48:26,223 [main] INFO  (SeleniumUtils.java:187) - scroll to an element using JS
2024-04-06T03:48:26,224 [main] INFO  (ConfigurationReader.java:41) - Getting the property key {browserType} from the property file
2024-04-06T03:48:26,224 [main] INFO  (Driver.java:29) - Getting a driver instance
2024-04-06T03:48:26,253 [main] INFO  (MainPage.java:79) - scroll down to the end of the web page 
2024-04-06T03:48:26,255 [main] INFO  (SeleniumUtils.java:187) - scroll to an element using JS
2024-04-06T03:48:26,256 [main] INFO  (ConfigurationReader.java:41) - Getting the property key {browserType} from the property file
2024-04-06T03:48:26,258 [main] INFO  (Driver.java:29) - Getting a driver instance
2024-04-06T03:48:26,446 [main] INFO  (ConfigurationReader.java:41) - Getting the property key {browserType} from the property file
2024-04-06T03:48:26,446 [main] INFO  (Driver.java:29) - Getting a driver instance
2024-04-06T03:48:26,990 [main] INFO  (Driver.java:71) - Closing the browser
2024-04-06T03:48:27,407 [main] INFO  (ConfigurationReader.java:41) - Getting the property key {browserType} from the property file
2024-04-06T03:48:27,408 [main] INFO  (Driver.java:29) - Getting a driver instance
2024-04-06T03:48:27,981 [main] INFO  (Driver.java:71) - Closing the browser
2024-04-06T03:48:28,745 [main] INFO  (ConfigurationReader.java:41) - Getting the property key {browserType} from the property file
2024-04-06T03:48:28,745 [main] INFO  (Driver.java:29) - Getting a driver instance
2024-04-06T03:48:28,746 [main] INFO  (Driver.java:34) - Starting a firefox browser
2024-04-06T03:48:29,759 [main] INFO  (ConfigurationReader.java:41) - Getting the property key {browserType} from the property file
2024-04-06T03:48:29,759 [main] INFO  (Driver.java:29) - Getting a driver instance
2024-04-06T03:48:29,759 [main] INFO  (Driver.java:34) - Starting a firefox browser
2024-04-06T03:48:33,186 [main] INFO  (ConfigurationReader.java:41) - Getting the property key {browserType} from the property file
2024-04-06T03:48:33,186 [main] INFO  (Driver.java:29) - Getting a driver instance
2024-04-06T03:48:34,157 [main] INFO  (ConfigurationReader.java:41) - Getting the property key {browserType} from the property file
2024-04-06T03:48:34,157 [main] INFO  (Driver.java:29) - Getting a driver instance
2024-04-06T03:48:34,544 [main] INFO  (MainPage.java:70) - Checking if the Main Logo Label is displayed or not
2024-04-06T03:48:35,314 [main] INFO  (Driver.java:71) - Closing the browser
2024-04-06T03:48:35,531 [main] INFO  (MainPage.java:70) - Checking if the Main Logo Label is displayed or not
2024-04-06T03:48:36,311 [main] INFO  (Driver.java:71) - Closing the browser
2024-04-06T03:48:36,666 [main] INFO  (Driver.java:71) - Closing the browser
2024-04-06T03:48:37,779 [main] INFO  (Driver.java:71) - Closing the browser
2024-04-06T03:54:55,893 [main] INFO  (ConfigurationReader.java:19) - Loading the property file...
2024-04-06T03:54:55,901 [main] INFO  (ConfigurationReader.java:41) - Getting the property key {browserType} from the property file
2024-04-06T03:54:55,902 [main] INFO  (Driver.java:29) - Getting a driver instance
2024-04-06T03:54:55,902 [main] INFO  (Driver.java:34) - Starting a firefox browser
2024-04-06T03:55:00,879 [main] INFO  (ConfigurationReader.java:41) - Getting the property key {browserType} from the property file
2024-04-06T03:55:00,879 [main] INFO  (Driver.java:29) - Getting a driver instance
2024-04-06T03:55:03,173 [main] INFO  (ConfigurationReader.java:41) - Getting the property key {browserType} from the property file
2024-04-06T03:55:03,173 [main] INFO  (Driver.java:29) - Getting a driver instance
2024-04-06T03:55:03,184 [main] INFO  (MainPage.java:79) - scroll down to the end of the web page 
2024-04-06T03:55:03,186 [main] INFO  (SeleniumUtils.java:187) - scroll to an element using JS
2024-04-06T03:55:03,186 [main] INFO  (ConfigurationReader.java:41) - Getting the property key {browserType} from the property file
2024-04-06T03:55:03,186 [main] INFO  (Driver.java:29) - Getting a driver instance
2024-04-06T03:55:03,252 [main] INFO  (ConfigurationReader.java:41) - Getting the property key {browserType} from the property file
2024-04-06T03:55:03,253 [main] INFO  (Driver.java:29) - Getting a driver instance
2024-04-06T03:55:03,755 [main] INFO  (Driver.java:71) - Closing the browser
2024-04-06T03:55:04,911 [main] INFO  (ConfigurationReader.java:41) - Getting the property key {browserType} from the property file
2024-04-06T03:55:04,912 [main] INFO  (Driver.java:29) - Getting a driver instance
2024-04-06T03:55:04,912 [main] INFO  (Driver.java:34) - Starting a firefox browser
2024-04-06T03:55:08,601 [main] INFO  (ConfigurationReader.java:41) - Getting the property key {browserType} from the property file
2024-04-06T03:55:08,601 [main] INFO  (Driver.java:29) - Getting a driver instance
2024-04-06T03:55:09,884 [main] INFO  (MainPage.java:70) - Checking if the Main Logo Label is displayed or not
2024-04-06T03:55:10,401 [main] INFO  (Driver.java:71) - Closing the browser
2024-04-06T03:55:11,511 [main] INFO  (Driver.java:71) - Closing the browser
2024-04-06T03:55:42,707 [main] INFO  (ConfigurationReader.java:19) - Loading the property file...
2024-04-06T03:55:42,714 [main] INFO  (ConfigurationReader.java:41) - Getting the property key {browserType} from the property file
2024-04-06T03:55:42,715 [main] INFO  (Driver.java:29) - Getting a driver instance
2024-04-06T03:55:42,716 [main] INFO  (Driver.java:34) - Starting a firefox browser
2024-04-06T03:55:47,919 [main] INFO  (ConfigurationReader.java:41) - Getting the property key {browserType} from the property file
2024-04-06T03:55:47,920 [main] INFO  (Driver.java:29) - Getting a driver instance
2024-04-06T03:55:49,134 [main] INFO  (ConfigurationReader.java:41) - Getting the property key {browserType} from the property file
2024-04-06T03:55:49,134 [main] INFO  (Driver.java:29) - Getting a driver instance
2024-04-06T03:55:49,147 [main] INFO  (MainPage.java:79) - scroll down to the end of the web page 
2024-04-06T03:55:49,148 [main] INFO  (SeleniumUtils.java:187) - scroll to an element using JS
2024-04-06T03:55:49,149 [main] INFO  (ConfigurationReader.java:41) - Getting the property key {browserType} from the property file
2024-04-06T03:55:49,149 [main] INFO  (Driver.java:29) - Getting a driver instance
2024-04-06T03:55:49,651 [main] INFO  (ConfigurationReader.java:41) - Getting the property key {browserType} from the property file
2024-04-06T03:55:49,651 [main] INFO  (Driver.java:29) - Getting a driver instance
2024-04-06T03:55:49,992 [main] INFO  (Driver.java:71) - Closing the browser
2024-04-06T03:55:51,156 [main] INFO  (ConfigurationReader.java:41) - Getting the property key {browserType} from the property file
2024-04-06T03:55:51,156 [main] INFO  (Driver.java:29) - Getting a driver instance
2024-04-06T03:55:51,156 [main] INFO  (Driver.java:34) - Starting a firefox browser
2024-04-06T03:55:54,813 [main] INFO  (ConfigurationReader.java:41) - Getting the property key {browserType} from the property file
2024-04-06T03:55:54,813 [main] INFO  (Driver.java:29) - Getting a driver instance
2024-04-06T03:55:55,999 [main] INFO  (MainPage.java:70) - Checking if the Main Logo Label is displayed or not
2024-04-06T03:55:56,564 [main] INFO  (Driver.java:71) - Closing the browser
2024-04-06T03:55:57,632 [main] INFO  (ConfigurationReader.java:41) - Getting the property key {browserType} from the property file
2024-04-06T03:55:57,633 [main] INFO  (Driver.java:29) - Getting a driver instance
2024-04-06T03:55:57,633 [main] INFO  (Driver.java:34) - Starting a firefox browser
2024-04-06T03:56:01,300 [main] INFO  (ConfigurationReader.java:41) - Getting the property key {browserType} from the property file
2024-04-06T03:56:01,301 [main] INFO  (Driver.java:29) - Getting a driver instance
2024-04-06T03:56:03,468 [main] INFO  (SeleniumUtils.java:35) - Waiting for an element until its visible
2024-04-06T03:56:03,468 [main] INFO  (ConfigurationReader.java:41) - Getting the property key {explicitWait} from the property file
2024-04-06T03:56:03,471 [main] INFO  (ConfigurationReader.java:41) - Getting the property key {browserType} from the property file
2024-04-06T03:56:03,471 [main] INFO  (Driver.java:29) - Getting a driver instance
2024-04-06T03:56:03,774 [main] INFO  (MainPage.java:152) - getting the text for Continue with email  
2024-04-06T03:56:03,861 [main] INFO  (MainPage.java:157) - Getting the text for Google
2024-04-06T03:56:03,921 [main] INFO  (MainPage.java:161) - getting the text for apple 
2024-04-06T03:56:03,960 [main] INFO  (Driver.java:71) - Closing the browser
2024-04-06T03:56:37,244 [main] INFO  (ConfigurationReader.java:19) - Loading the property file...
2024-04-06T03:56:37,250 [main] INFO  (ConfigurationReader.java:41) - Getting the property key {browserType} from the property file
2024-04-06T03:56:37,251 [main] INFO  (Driver.java:29) - Getting a driver instance
2024-04-06T03:56:37,251 [main] INFO  (Driver.java:34) - Starting a firefox browser
2024-04-06T03:56:42,364 [main] INFO  (ConfigurationReader.java:41) - Getting the property key {browserType} from the property file
2024-04-06T03:56:42,365 [main] INFO  (Driver.java:29) - Getting a driver instance
2024-04-06T03:56:45,301 [main] INFO  (SeleniumUtils.java:35) - Waiting for an element until its visible
2024-04-06T03:56:45,301 [main] INFO  (ConfigurationReader.java:41) - Getting the property key {explicitWait} from the property file
2024-04-06T03:56:45,303 [main] INFO  (ConfigurationReader.java:41) - Getting the property key {browserType} from the property file
2024-04-06T03:56:45,303 [main] INFO  (Driver.java:29) - Getting a driver instance
2024-04-06T03:56:45,395 [main] INFO  (MainPage.java:152) - getting the text for Continue with email  
2024-04-06T03:56:45,434 [main] INFO  (ConfigurationReader.java:41) - Getting the property key {browserType} from the property file
2024-04-06T03:56:45,434 [main] INFO  (Driver.java:29) - Getting a driver instance
2024-04-06T03:56:46,151 [main] INFO  (Driver.java:71) - Closing the browser
2024-04-06T03:57:46,493 [main] INFO  (ConfigurationReader.java:19) - Loading the property file...
2024-04-06T03:57:46,500 [main] INFO  (ConfigurationReader.java:41) - Getting the property key {browserType} from the property file
2024-04-06T03:57:46,501 [main] INFO  (Driver.java:29) - Getting a driver instance
2024-04-06T03:57:46,501 [main] INFO  (Driver.java:34) - Starting a firefox browser
2024-04-06T03:57:51,556 [main] INFO  (ConfigurationReader.java:41) - Getting the property key {browserType} from the property file
2024-04-06T03:57:51,557 [main] INFO  (Driver.java:29) - Getting a driver instance
2024-04-06T03:57:53,666 [main] INFO  (SeleniumUtils.java:35) - Waiting for an element until its visible
2024-04-06T03:57:53,666 [main] INFO  (ConfigurationReader.java:41) - Getting the property key {explicitWait} from the property file
2024-04-06T03:57:53,668 [main] INFO  (ConfigurationReader.java:41) - Getting the property key {browserType} from the property file
2024-04-06T03:57:53,669 [main] INFO  (Driver.java:29) - Getting a driver instance
2024-04-06T03:57:53,971 [main] INFO  (MainPage.java:152) - getting the text for Continue with email  
2024-04-06T03:57:54,075 [main] INFO  (MainPage.java:157) - Getting the text for Google
2024-04-06T03:57:54,146 [main] INFO  (MainPage.java:161) - getting the text for apple 
2024-04-06T03:57:54,202 [main] INFO  (Driver.java:71) - Closing the browser
2024-04-06T03:58:28,623 [main] INFO  (ConfigurationReader.java:19) - Loading the property file...
2024-04-06T03:58:28,632 [main] INFO  (ConfigurationReader.java:41) - Getting the property key {browserType} from the property file
2024-04-06T03:58:28,633 [main] INFO  (Driver.java:29) - Getting a driver instance
2024-04-06T03:58:28,633 [main] INFO  (Driver.java:34) - Starting a firefox browser
2024-04-06T03:58:32,992 [main] INFO  (ConfigurationReader.java:19) - Loading the property file...
2024-04-06T03:58:32,998 [main] INFO  (ConfigurationReader.java:41) - Getting the property key {browserType} from the property file
2024-04-06T03:58:32,999 [main] INFO  (Driver.java:29) - Getting a driver instance
2024-04-06T03:58:32,999 [main] INFO  (Driver.java:34) - Starting a firefox browser
2024-04-06T03:58:37,815 [main] INFO  (ConfigurationReader.java:41) - Getting the property key {browserType} from the property file
2024-04-06T03:58:37,815 [main] INFO  (Driver.java:29) - Getting a driver instance
2024-04-06T03:58:39,274 [main] INFO  (ConfigurationReader.java:41) - Getting the property key {browserType} from the property file
2024-04-06T03:58:39,275 [main] INFO  (Driver.java:29) - Getting a driver instance
2024-04-06T03:58:39,290 [main] INFO  (MainPage.java:79) - scroll down to the end of the web page 
2024-04-06T03:58:39,292 [main] INFO  (SeleniumUtils.java:187) - scroll to an element using JS
2024-04-06T03:58:39,293 [main] INFO  (ConfigurationReader.java:41) - Getting the property key {browserType} from the property file
2024-04-06T03:58:39,293 [main] INFO  (Driver.java:29) - Getting a driver instance
2024-04-06T03:58:39,806 [main] INFO  (ConfigurationReader.java:41) - Getting the property key {browserType} from the property file
2024-04-06T03:58:39,807 [main] INFO  (Driver.java:29) - Getting a driver instance
2024-04-06T03:58:40,191 [main] INFO  (Driver.java:71) - Closing the browser
2024-04-06T03:58:41,364 [main] INFO  (ConfigurationReader.java:41) - Getting the property key {browserType} from the property file
2024-04-06T03:58:41,365 [main] INFO  (Driver.java:29) - Getting a driver instance
2024-04-06T03:58:41,365 [main] INFO  (Driver.java:34) - Starting a firefox browser
2024-04-06T03:58:45,154 [main] INFO  (ConfigurationReader.java:41) - Getting the property key {browserType} from the property file
2024-04-06T03:58:45,154 [main] INFO  (Driver.java:29) - Getting a driver instance
2024-04-06T03:58:48,079 [main] INFO  (SeleniumUtils.java:35) - Waiting for an element until its visible
2024-04-06T03:58:48,080 [main] INFO  (ConfigurationReader.java:41) - Getting the property key {explicitWait} from the property file
2024-04-06T03:58:48,082 [main] INFO  (ConfigurationReader.java:41) - Getting the property key {browserType} from the property file
2024-04-06T03:58:48,082 [main] INFO  (Driver.java:29) - Getting a driver instance
2024-04-06T03:58:48,321 [main] INFO  (MainPage.java:152) - getting the text for Continue with email  
2024-04-06T03:58:48,467 [main] INFO  (MainPage.java:157) - Getting the text for Google
2024-04-06T03:58:48,587 [main] INFO  (MainPage.java:161) - getting the text for apple 
2024-04-06T03:58:48,629 [main] INFO  (Driver.java:71) - Closing the browser
2024-04-06T04:01:12,932 [main] INFO  (ConfigurationReader.java:19) - Loading the property file...
2024-04-06T04:01:12,948 [main] INFO  (ConfigurationReader.java:41) - Getting the property key {browserType} from the property file
2024-04-06T04:01:12,950 [main] INFO  (Driver.java:29) - Getting a driver instance
2024-04-06T04:01:12,950 [main] INFO  (Driver.java:34) - Starting a firefox browser
2024-04-06T04:01:18,426 [main] INFO  (ConfigurationReader.java:41) - Getting the property key {browserType} from the property file
2024-04-06T04:01:18,426 [main] INFO  (Driver.java:29) - Getting a driver instance
2024-04-06T04:01:19,949 [main] INFO  (ConfigurationReader.java:41) - Getting the property key {browserType} from the property file
2024-04-06T04:01:19,949 [main] INFO  (Driver.java:29) - Getting a driver instance
2024-04-06T04:01:19,960 [main] INFO  (MainPage.java:79) - scroll down to the end of the web page 
2024-04-06T04:01:19,963 [main] INFO  (SeleniumUtils.java:187) - scroll to an element using JS
2024-04-06T04:01:19,963 [main] INFO  (ConfigurationReader.java:41) - Getting the property key {browserType} from the property file
2024-04-06T04:01:19,964 [main] INFO  (Driver.java:29) - Getting a driver instance
2024-04-06T04:01:20,797 [main] INFO  (ConfigurationReader.java:41) - Getting the property key {browserType} from the property file
2024-04-06T04:01:20,798 [main] INFO  (Driver.java:29) - Getting a driver instance
2024-04-06T04:01:21,302 [main] INFO  (Driver.java:71) - Closing the browser
2024-04-06T04:01:22,609 [main] INFO  (ConfigurationReader.java:41) - Getting the property key {browserType} from the property file
2024-04-06T04:01:22,609 [main] INFO  (Driver.java:29) - Getting a driver instance
2024-04-06T04:01:22,610 [main] INFO  (Driver.java:34) - Starting a firefox browser
2024-04-06T04:01:26,676 [main] INFO  (ConfigurationReader.java:41) - Getting the property key {browserType} from the property file
2024-04-06T04:01:26,676 [main] INFO  (Driver.java:29) - Getting a driver instance
2024-04-06T04:02:09,304 [main] INFO  (ConfigurationReader.java:19) - Loading the property file...
2024-04-06T04:02:09,322 [main] INFO  (ConfigurationReader.java:41) - Getting the property key {browserType} from the property file
2024-04-06T04:02:09,323 [main] INFO  (Driver.java:29) - Getting a driver instance
2024-04-06T04:02:09,323 [main] INFO  (Driver.java:34) - Starting a firefox browser
2024-04-06T04:02:14,091 [main] INFO  (ConfigurationReader.java:41) - Getting the property key {browserType} from the property file
2024-04-06T04:02:14,092 [main] INFO  (Driver.java:29) - Getting a driver instance
2024-04-06T04:02:15,251 [main] INFO  (ConfigurationReader.java:41) - Getting the property key {browserType} from the property file
2024-04-06T04:02:15,252 [main] INFO  (Driver.java:29) - Getting a driver instance
2024-04-06T04:02:15,267 [main] INFO  (MainPage.java:79) - scroll down to the end of the web page 
2024-04-06T04:02:15,269 [main] INFO  (SeleniumUtils.java:187) - scroll to an element using JS
2024-04-06T04:02:15,270 [main] INFO  (ConfigurationReader.java:41) - Getting the property key {browserType} from the property file
2024-04-06T04:02:15,270 [main] INFO  (Driver.java:29) - Getting a driver instance
2024-04-06T04:02:15,784 [main] INFO  (ConfigurationReader.java:41) - Getting the property key {browserType} from the property file
2024-04-06T04:02:15,784 [main] INFO  (Driver.java:29) - Getting a driver instance
2024-04-06T04:02:16,152 [main] INFO  (Driver.java:71) - Closing the browser
2024-04-06T04:02:17,303 [main] INFO  (ConfigurationReader.java:41) - Getting the property key {browserType} from the property file
2024-04-06T04:02:17,303 [main] INFO  (Driver.java:29) - Getting a driver instance
2024-04-06T04:02:17,304 [main] INFO  (Driver.java:34) - Starting a firefox browser
2024-04-06T04:02:21,000 [main] INFO  (ConfigurationReader.java:41) - Getting the property key {browserType} from the property file
2024-04-06T04:02:21,000 [main] INFO  (Driver.java:29) - Getting a driver instance
2024-04-06T04:02:22,945 [main] INFO  (SeleniumUtils.java:35) - Waiting for an element until its visible
2024-04-06T04:02:22,945 [main] INFO  (ConfigurationReader.java:41) - Getting the property key {explicitWait} from the property file
2024-04-06T04:02:22,948 [main] INFO  (ConfigurationReader.java:41) - Getting the property key {browserType} from the property file
2024-04-06T04:02:22,949 [main] INFO  (Driver.java:29) - Getting a driver instance
2024-04-06T04:02:23,282 [main] INFO  (MainPage.java:152) - getting the text for Continue with email  
2024-04-06T04:02:23,310 [main] INFO  (MainPage.java:157) - Getting the text for Google
2024-04-06T04:02:23,358 [main] INFO  (MainPage.java:161) - getting the text for apple 
2024-04-06T04:02:23,396 [main] INFO  (Driver.java:71) - Closing the browser
2024-04-06T04:03:18,631 [main] INFO  (ConfigurationReader.java:19) - Loading the property file...
2024-04-06T04:03:18,646 [main] INFO  (ConfigurationReader.java:41) - Getting the property key {browserType} from the property file
2024-04-06T04:03:18,647 [main] INFO  (Driver.java:29) - Getting a driver instance
2024-04-06T04:03:18,647 [main] INFO  (Driver.java:34) - Starting a firefox browser
2024-04-06T04:03:20,634 [main] INFO  (ConfigurationReader.java:19) - Loading the property file...
2024-04-06T04:03:20,644 [main] INFO  (ConfigurationReader.java:41) - Getting the property key {browserType} from the property file
2024-04-06T04:03:20,644 [main] INFO  (Driver.java:29) - Getting a driver instance
2024-04-06T04:03:20,645 [main] INFO  (Driver.java:34) - Starting a firefox browser
2024-04-06T04:03:25,163 [main] INFO  (ConfigurationReader.java:41) - Getting the property key {browserType} from the property file
2024-04-06T04:03:25,163 [main] INFO  (Driver.java:29) - Getting a driver instance
2024-04-06T04:03:26,577 [main] INFO  (ConfigurationReader.java:41) - Getting the property key {browserType} from the property file
2024-04-06T04:03:26,578 [main] INFO  (Driver.java:29) - Getting a driver instance
2024-04-06T04:03:26,595 [main] INFO  (MainPage.java:79) - scroll down to the end of the web page 
2024-04-06T04:03:26,597 [main] INFO  (SeleniumUtils.java:187) - scroll to an element using JS
2024-04-06T04:03:26,597 [main] INFO  (ConfigurationReader.java:41) - Getting the property key {browserType} from the property file
2024-04-06T04:03:26,598 [main] INFO  (Driver.java:29) - Getting a driver instance
2024-04-06T04:03:26,748 [main] INFO  (ConfigurationReader.java:41) - Getting the property key {browserType} from the property file
2024-04-06T04:03:26,748 [main] INFO  (Driver.java:29) - Getting a driver instance
2024-04-06T04:03:27,182 [main] INFO  (ConfigurationReader.java:41) - Getting the property key {browserType} from the property file
2024-04-06T04:03:27,182 [main] INFO  (Driver.java:29) - Getting a driver instance
2024-04-06T04:03:27,672 [main] INFO  (Driver.java:71) - Closing the browser
2024-04-06T04:03:28,214 [main] INFO  (ConfigurationReader.java:41) - Getting the property key {browserType} from the property file
2024-04-06T04:03:28,215 [main] INFO  (Driver.java:29) - Getting a driver instance
2024-04-06T04:03:28,232 [main] INFO  (MainPage.java:79) - scroll down to the end of the web page 
2024-04-06T04:03:28,233 [main] INFO  (SeleniumUtils.java:187) - scroll to an element using JS
2024-04-06T04:03:28,233 [main] INFO  (ConfigurationReader.java:41) - Getting the property key {browserType} from the property file
2024-04-06T04:03:28,234 [main] INFO  (Driver.java:29) - Getting a driver instance
2024-04-06T04:03:28,970 [main] INFO  (ConfigurationReader.java:41) - Getting the property key {browserType} from the property file
2024-04-06T04:03:28,971 [main] INFO  (Driver.java:29) - Getting a driver instance
2024-04-06T04:03:29,129 [main] INFO  (ConfigurationReader.java:41) - Getting the property key {browserType} from the property file
2024-04-06T04:03:29,130 [main] INFO  (Driver.java:29) - Getting a driver instance
2024-04-06T04:03:29,130 [main] INFO  (Driver.java:34) - Starting a firefox browser
2024-04-06T04:03:29,386 [main] INFO  (Driver.java:71) - Closing the browser
2024-04-06T04:03:30,914 [main] INFO  (ConfigurationReader.java:41) - Getting the property key {browserType} from the property file
2024-04-06T04:03:30,914 [main] INFO  (Driver.java:29) - Getting a driver instance
2024-04-06T04:03:30,914 [main] INFO  (Driver.java:34) - Starting a firefox browser
2024-04-06T04:03:33,711 [main] INFO  (ConfigurationReader.java:41) - Getting the property key {browserType} from the property file
2024-04-06T04:03:33,711 [main] INFO  (Driver.java:29) - Getting a driver instance
2024-04-06T04:03:35,423 [main] INFO  (ConfigurationReader.java:41) - Getting the property key {browserType} from the property file
2024-04-06T04:03:35,423 [main] INFO  (Driver.java:29) - Getting a driver instance
2024-04-06T04:03:35,978 [main] INFO  (SeleniumUtils.java:35) - Waiting for an element until its visible
2024-04-06T04:03:35,978 [main] INFO  (ConfigurationReader.java:41) - Getting the property key {explicitWait} from the property file
2024-04-06T04:03:35,980 [main] INFO  (ConfigurationReader.java:41) - Getting the property key {browserType} from the property file
2024-04-06T04:03:35,980 [main] INFO  (Driver.java:29) - Getting a driver instance
2024-04-06T04:03:36,564 [main] INFO  (MainPage.java:153) - getting the text for Continue with email  
2024-04-06T04:03:36,634 [main] INFO  (MainPage.java:158) - Getting the text for Google
2024-04-06T04:03:36,703 [main] INFO  (MainPage.java:162) - getting the text for apple 
2024-04-06T04:03:36,808 [main] INFO  (Driver.java:71) - Closing the browser
2024-04-06T04:03:38,069 [main] INFO  (SeleniumUtils.java:35) - Waiting for an element until its visible
2024-04-06T04:03:38,069 [main] INFO  (ConfigurationReader.java:41) - Getting the property key {explicitWait} from the property file
2024-04-06T04:03:38,072 [main] INFO  (ConfigurationReader.java:41) - Getting the property key {browserType} from the property file
2024-04-06T04:03:38,073 [main] INFO  (Driver.java:29) - Getting a driver instance
2024-04-06T04:03:38,513 [main] INFO  (MainPage.java:153) - getting the text for Continue with email  
2024-04-06T04:03:38,582 [main] INFO  (MainPage.java:158) - Getting the text for Google
2024-04-06T04:03:38,716 [main] INFO  (MainPage.java:162) - getting the text for apple 
2024-04-06T04:03:38,872 [main] INFO  (Driver.java:71) - Closing the browser
2024-04-06T04:04:14,174 [main] INFO  (ConfigurationReader.java:19) - Loading the property file...
2024-04-06T04:04:14,181 [main] INFO  (ConfigurationReader.java:41) - Getting the property key {browserType} from the property file
2024-04-06T04:04:14,182 [main] INFO  (Driver.java:29) - Getting a driver instance
2024-04-06T04:04:14,182 [main] INFO  (Driver.java:34) - Starting a firefox browser
2024-04-06T04:04:19,109 [main] INFO  (ConfigurationReader.java:41) - Getting the property key {browserType} from the property file
2024-04-06T04:04:19,109 [main] INFO  (Driver.java:29) - Getting a driver instance
2024-04-06T04:04:20,790 [main] INFO  (ConfigurationReader.java:41) - Getting the property key {browserType} from the property file
2024-04-06T04:04:20,791 [main] INFO  (Driver.java:29) - Getting a driver instance
2024-04-06T04:04:20,803 [main] INFO  (MainPage.java:79) - scroll down to the end of the web page 
2024-04-06T04:04:20,806 [main] INFO  (SeleniumUtils.java:35) - Waiting for an element until its visible
2024-04-06T04:04:20,806 [main] INFO  (ConfigurationReader.java:41) - Getting the property key {explicitWait} from the property file
2024-04-06T04:04:20,809 [main] INFO  (ConfigurationReader.java:41) - Getting the property key {browserType} from the property file
2024-04-06T04:04:20,809 [main] INFO  (Driver.java:29) - Getting a driver instance
2024-04-06T04:04:25,965 [main] INFO  (ConfigurationReader.java:41) - Getting the property key {browserType} from the property file
2024-04-06T04:04:25,965 [main] INFO  (Driver.java:29) - Getting a driver instance
2024-04-06T04:04:26,337 [main] INFO  (Driver.java:71) - Closing the browser
2024-04-06T04:04:27,429 [main] INFO  (ConfigurationReader.java:41) - Getting the property key {browserType} from the property file
2024-04-06T04:04:27,429 [main] INFO  (Driver.java:29) - Getting a driver instance
2024-04-06T04:04:27,429 [main] INFO  (Driver.java:34) - Starting a firefox browser
2024-04-06T04:04:31,240 [main] INFO  (ConfigurationReader.java:41) - Getting the property key {browserType} from the property file
2024-04-06T04:04:31,240 [main] INFO  (Driver.java:29) - Getting a driver instance
2024-04-06T04:04:33,020 [main] INFO  (SeleniumUtils.java:35) - Waiting for an element until its visible
2024-04-06T04:04:33,021 [main] INFO  (ConfigurationReader.java:41) - Getting the property key {explicitWait} from the property file
2024-04-06T04:04:33,021 [main] INFO  (ConfigurationReader.java:41) - Getting the property key {browserType} from the property file
2024-04-06T04:04:33,022 [main] INFO  (Driver.java:29) - Getting a driver instance
2024-04-06T04:04:33,441 [main] INFO  (MainPage.java:153) - getting the text for Continue with email  
2024-04-06T04:04:33,495 [main] INFO  (MainPage.java:158) - Getting the text for Google
2024-04-06T04:04:33,536 [main] INFO  (MainPage.java:162) - getting the text for apple 
2024-04-06T04:04:33,586 [main] INFO  (Driver.java:71) - Closing the browser
2024-04-06T04:06:53,951 [main] INFO  (ConfigurationReader.java:19) - Loading the property file...
2024-04-06T04:06:53,957 [main] INFO  (ConfigurationReader.java:41) - Getting the property key {browserType} from the property file
2024-04-06T04:06:53,958 [main] INFO  (Driver.java:29) - Getting a driver instance
2024-04-06T04:06:53,958 [main] INFO  (Driver.java:34) - Starting a firefox browser
2024-04-06T04:06:59,193 [main] INFO  (ConfigurationReader.java:41) - Getting the property key {browserType} from the property file
2024-04-06T04:06:59,193 [main] INFO  (Driver.java:29) - Getting a driver instance
2024-04-06T04:07:00,794 [main] INFO  (ConfigurationReader.java:41) - Getting the property key {browserType} from the property file
2024-04-06T04:07:00,794 [main] INFO  (Driver.java:29) - Getting a driver instance
2024-04-06T04:07:00,803 [main] INFO  (MainPage.java:79) - scroll down to the end of the web page 
2024-04-06T04:07:00,804 [main] INFO  (SeleniumUtils.java:187) - scroll to an element using JS
2024-04-06T04:07:00,805 [main] INFO  (ConfigurationReader.java:41) - Getting the property key {browserType} from the property file
2024-04-06T04:07:00,805 [main] INFO  (Driver.java:29) - Getting a driver instance
2024-04-06T04:07:01,295 [main] INFO  (ConfigurationReader.java:41) - Getting the property key {browserType} from the property file
2024-04-06T04:07:01,296 [main] INFO  (Driver.java:29) - Getting a driver instance
2024-04-06T04:07:01,708 [main] INFO  (Driver.java:71) - Closing the browser
2024-04-06T04:07:02,907 [main] INFO  (ConfigurationReader.java:41) - Getting the property key {browserType} from the property file
2024-04-06T04:07:02,907 [main] INFO  (Driver.java:29) - Getting a driver instance
2024-04-06T04:07:02,907 [main] INFO  (Driver.java:34) - Starting a firefox browser
2024-04-06T04:07:06,609 [main] INFO  (ConfigurationReader.java:41) - Getting the property key {browserType} from the property file
2024-04-06T04:07:06,609 [main] INFO  (Driver.java:29) - Getting a driver instance
2024-04-06T04:07:08,570 [main] INFO  (SeleniumUtils.java:35) - Waiting for an element until its visible
2024-04-06T04:07:08,571 [main] INFO  (ConfigurationReader.java:41) - Getting the property key {explicitWait} from the property file
2024-04-06T04:07:08,574 [main] INFO  (ConfigurationReader.java:41) - Getting the property key {browserType} from the property file
2024-04-06T04:07:08,575 [main] INFO  (Driver.java:29) - Getting a driver instance
2024-04-06T04:07:08,726 [main] INFO  (MainPage.java:153) - getting the text for Continue with email  
2024-04-06T04:07:08,986 [main] INFO  (MainPage.java:158) - Getting the text for Google
2024-04-06T04:07:09,035 [main] INFO  (MainPage.java:162) - getting the text for apple 
2024-04-06T04:07:09,072 [main] INFO  (Driver.java:71) - Closing the browser
2024-04-06T04:09:28,124 [main] INFO  (ConfigurationReader.java:19) - Loading the property file...
2024-04-06T04:09:28,130 [main] INFO  (ConfigurationReader.java:41) - Getting the property key {browserType} from the property file
2024-04-06T04:09:28,130 [main] INFO  (Driver.java:29) - Getting a driver instance
2024-04-06T04:09:28,131 [main] INFO  (Driver.java:34) - Starting a firefox browser
2024-04-06T04:09:32,890 [main] INFO  (ConfigurationReader.java:41) - Getting the property key {browserType} from the property file
2024-04-06T04:09:32,890 [main] INFO  (Driver.java:29) - Getting a driver instance
2024-04-06T04:09:34,406 [main] INFO  (ConfigurationReader.java:41) - Getting the property key {browserType} from the property file
2024-04-06T04:09:34,406 [main] INFO  (Driver.java:29) - Getting a driver instance
2024-04-06T04:09:34,432 [main] INFO  (MainPage.java:80) - scroll down to the end of the web page 
2024-04-06T04:09:34,433 [main] INFO  (ConfigurationReader.java:41) - Getting the property key {browserType} from the property file
2024-04-06T04:09:34,433 [main] INFO  (Driver.java:29) - Getting a driver instance
2024-04-06T04:09:34,902 [main] INFO  (ConfigurationReader.java:41) - Getting the property key {browserType} from the property file
2024-04-06T04:09:34,902 [main] INFO  (Driver.java:29) - Getting a driver instance
2024-04-06T04:09:35,219 [main] INFO  (Driver.java:71) - Closing the browser
2024-04-06T04:09:36,373 [main] INFO  (ConfigurationReader.java:41) - Getting the property key {browserType} from the property file
2024-04-06T04:09:36,373 [main] INFO  (Driver.java:29) - Getting a driver instance
2024-04-06T04:09:36,373 [main] INFO  (Driver.java:34) - Starting a firefox browser
2024-04-06T04:09:40,044 [main] INFO  (ConfigurationReader.java:41) - Getting the property key {browserType} from the property file
2024-04-06T04:09:40,044 [main] INFO  (Driver.java:29) - Getting a driver instance
2024-04-06T04:09:41,984 [main] INFO  (SeleniumUtils.java:35) - Waiting for an element until its visible
2024-04-06T04:09:41,985 [main] INFO  (ConfigurationReader.java:41) - Getting the property key {explicitWait} from the property file
2024-04-06T04:09:41,988 [main] INFO  (ConfigurationReader.java:41) - Getting the property key {browserType} from the property file
2024-04-06T04:09:41,989 [main] INFO  (Driver.java:29) - Getting a driver instance
2024-04-06T04:09:42,333 [main] INFO  (MainPage.java:154) - getting the text for Continue with email  
2024-04-06T04:09:42,414 [main] INFO  (MainPage.java:159) - Getting the text for Google
2024-04-06T04:09:42,442 [main] INFO  (MainPage.java:163) - getting the text for apple 
2024-04-06T04:09:42,531 [main] INFO  (Driver.java:71) - Closing the browser
2024-04-06T04:09:55,038 [main] INFO  (ConfigurationReader.java:19) - Loading the property file...
2024-04-06T04:09:55,044 [main] INFO  (ConfigurationReader.java:41) - Getting the property key {browserType} from the property file
2024-04-06T04:09:55,045 [main] INFO  (Driver.java:29) - Getting a driver instance
2024-04-06T04:09:55,045 [main] INFO  (Driver.java:34) - Starting a firefox browser
2024-04-06T04:09:59,921 [main] INFO  (ConfigurationReader.java:41) - Getting the property key {browserType} from the property file
2024-04-06T04:09:59,921 [main] INFO  (Driver.java:29) - Getting a driver instance
2024-04-06T04:10:01,263 [main] INFO  (ConfigurationReader.java:41) - Getting the property key {browserType} from the property file
2024-04-06T04:10:01,264 [main] INFO  (Driver.java:29) - Getting a driver instance
2024-04-06T04:10:01,296 [main] INFO  (MainPage.java:80) - scroll down to the end of the web page 
2024-04-06T04:10:01,297 [main] INFO  (ConfigurationReader.java:41) - Getting the property key {browserType} from the property file
2024-04-06T04:10:01,297 [main] INFO  (Driver.java:29) - Getting a driver instance
2024-04-06T04:10:01,806 [main] INFO  (ConfigurationReader.java:41) - Getting the property key {browserType} from the property file
2024-04-06T04:10:01,806 [main] INFO  (Driver.java:29) - Getting a driver instance
2024-04-06T04:10:02,164 [main] INFO  (Driver.java:71) - Closing the browser
2024-04-06T04:10:03,422 [main] INFO  (ConfigurationReader.java:41) - Getting the property key {browserType} from the property file
2024-04-06T04:10:03,422 [main] INFO  (Driver.java:29) - Getting a driver instance
2024-04-06T04:10:03,423 [main] INFO  (Driver.java:34) - Starting a firefox browser
2024-04-06T04:10:07,204 [main] INFO  (ConfigurationReader.java:41) - Getting the property key {browserType} from the property file
2024-04-06T04:10:07,205 [main] INFO  (Driver.java:29) - Getting a driver instance
2024-04-06T04:10:09,734 [main] INFO  (SeleniumUtils.java:35) - Waiting for an element until its visible
2024-04-06T04:10:09,734 [main] INFO  (ConfigurationReader.java:41) - Getting the property key {explicitWait} from the property file
2024-04-06T04:10:09,738 [main] INFO  (ConfigurationReader.java:41) - Getting the property key {browserType} from the property file
2024-04-06T04:10:09,739 [main] INFO  (Driver.java:29) - Getting a driver instance
2024-04-06T04:10:09,996 [main] INFO  (MainPage.java:154) - getting the text for Continue with email  
2024-04-06T04:10:10,068 [main] INFO  (MainPage.java:159) - Getting the text for Google
2024-04-06T04:10:10,124 [main] INFO  (MainPage.java:163) - getting the text for apple 
2024-04-06T04:10:10,268 [main] INFO  (Driver.java:71) - Closing the browser
2024-04-06T04:10:33,277 [main] INFO  (ConfigurationReader.java:19) - Loading the property file...
2024-04-06T04:10:33,283 [main] INFO  (ConfigurationReader.java:41) - Getting the property key {browserType} from the property file
2024-04-06T04:10:33,283 [main] INFO  (Driver.java:29) - Getting a driver instance
2024-04-06T04:10:33,283 [main] INFO  (Driver.java:34) - Starting a firefox browser
2024-04-06T04:10:38,705 [main] INFO  (ConfigurationReader.java:41) - Getting the property key {browserType} from the property file
2024-04-06T04:10:38,705 [main] INFO  (Driver.java:29) - Getting a driver instance
2024-04-06T04:10:39,778 [main] INFO  (ConfigurationReader.java:41) - Getting the property key {browserType} from the property file
2024-04-06T04:10:39,778 [main] INFO  (Driver.java:29) - Getting a driver instance
2024-04-06T04:10:39,811 [main] INFO  (MainPage.java:80) - scroll down to the end of the web page 
2024-04-06T04:10:39,811 [main] INFO  (ConfigurationReader.java:41) - Getting the property key {browserType} from the property file
2024-04-06T04:10:39,811 [main] INFO  (Driver.java:29) - Getting a driver instance
2024-04-06T04:10:40,287 [main] INFO  (ConfigurationReader.java:41) - Getting the property key {browserType} from the property file
2024-04-06T04:10:40,287 [main] INFO  (Driver.java:29) - Getting a driver instance
2024-04-06T04:10:40,615 [main] INFO  (Driver.java:71) - Closing the browser
2024-04-06T04:11:55,949 [main] INFO  (ConfigurationReader.java:19) - Loading the property file...
2024-04-06T04:11:55,955 [main] INFO  (ConfigurationReader.java:41) - Getting the property key {browserType} from the property file
2024-04-06T04:11:55,956 [main] INFO  (Driver.java:29) - Getting a driver instance
2024-04-06T04:11:55,956 [main] INFO  (Driver.java:34) - Starting a firefox browser
2024-04-06T04:12:00,842 [main] INFO  (ConfigurationReader.java:41) - Getting the property key {browserType} from the property file
2024-04-06T04:12:00,842 [main] INFO  (Driver.java:29) - Getting a driver instance
2024-04-06T04:12:02,189 [main] INFO  (ConfigurationReader.java:41) - Getting the property key {browserType} from the property file
2024-04-06T04:12:02,190 [main] INFO  (Driver.java:29) - Getting a driver instance
2024-04-06T04:12:02,203 [main] INFO  (MainPage.java:80) - scroll down to the end of the web page 
2024-04-06T04:12:02,203 [main] INFO  (ConfigurationReader.java:41) - Getting the property key {browserType} from the property file
2024-04-06T04:12:02,204 [main] INFO  (Driver.java:29) - Getting a driver instance
2024-04-06T04:12:02,721 [main] INFO  (ConfigurationReader.java:41) - Getting the property key {browserType} from the property file
2024-04-06T04:12:02,722 [main] INFO  (Driver.java:29) - Getting a driver instance
2024-04-06T04:12:03,084 [main] INFO  (Driver.java:71) - Closing the browser
2024-04-06T04:13:04,975 [main] INFO  (ConfigurationReader.java:19) - Loading the property file...
2024-04-06T04:13:05,003 [main] INFO  (ConfigurationReader.java:41) - Getting the property key {browserType} from the property file
2024-04-06T04:13:05,004 [main] INFO  (Driver.java:29) - Getting a driver instance
2024-04-06T04:13:05,004 [main] INFO  (Driver.java:34) - Starting a firefox browser
2024-04-06T04:13:07,009 [main] INFO  (ConfigurationReader.java:19) - Loading the property file...
2024-04-06T04:13:07,019 [main] INFO  (ConfigurationReader.java:41) - Getting the property key {browserType} from the property file
2024-04-06T04:13:07,019 [main] INFO  (Driver.java:29) - Getting a driver instance
2024-04-06T04:13:07,020 [main] INFO  (Driver.java:34) - Starting a firefox browser
2024-04-06T04:13:11,536 [main] INFO  (ConfigurationReader.java:41) - Getting the property key {browserType} from the property file
2024-04-06T04:13:11,536 [main] INFO  (Driver.java:29) - Getting a driver instance
2024-04-06T04:13:12,828 [main] INFO  (ConfigurationReader.java:41) - Getting the property key {browserType} from the property file
2024-04-06T04:13:12,829 [main] INFO  (Driver.java:29) - Getting a driver instance
2024-04-06T04:13:12,856 [main] INFO  (MainPage.java:80) - scroll down to the end of the web page 
2024-04-06T04:13:12,857 [main] INFO  (ConfigurationReader.java:41) - Getting the property key {browserType} from the property file
2024-04-06T04:13:12,857 [main] INFO  (Driver.java:29) - Getting a driver instance
2024-04-06T04:13:13,021 [main] INFO  (ConfigurationReader.java:41) - Getting the property key {browserType} from the property file
2024-04-06T04:13:13,022 [main] INFO  (Driver.java:29) - Getting a driver instance
2024-04-06T04:13:13,388 [main] INFO  (ConfigurationReader.java:41) - Getting the property key {browserType} from the property file
2024-04-06T04:13:13,389 [main] INFO  (Driver.java:29) - Getting a driver instance
2024-04-06T04:13:13,869 [main] INFO  (Driver.java:71) - Closing the browser
2024-04-06T04:13:14,309 [main] INFO  (ConfigurationReader.java:41) - Getting the property key {browserType} from the property file
2024-04-06T04:13:14,310 [main] INFO  (Driver.java:29) - Getting a driver instance
2024-04-06T04:13:14,321 [main] INFO  (MainPage.java:80) - scroll down to the end of the web page 
2024-04-06T04:13:14,322 [main] INFO  (ConfigurationReader.java:41) - Getting the property key {browserType} from the property file
2024-04-06T04:13:14,322 [main] INFO  (Driver.java:29) - Getting a driver instance
2024-04-06T04:13:15,030 [main] INFO  (ConfigurationReader.java:41) - Getting the property key {browserType} from the property file
2024-04-06T04:13:15,030 [main] INFO  (Driver.java:29) - Getting a driver instance
2024-04-06T04:13:15,493 [main] INFO  (Driver.java:71) - Closing the browser
2024-04-06T04:14:46,298 [main] INFO  (ConfigurationReader.java:19) - Loading the property file...
2024-04-06T04:14:46,306 [main] INFO  (ConfigurationReader.java:41) - Getting the property key {browserType} from the property file
2024-04-06T04:14:46,307 [main] INFO  (Driver.java:29) - Getting a driver instance
2024-04-06T04:14:46,307 [main] INFO  (Driver.java:34) - Starting a firefox browser
2024-04-06T04:14:51,637 [main] INFO  (ConfigurationReader.java:41) - Getting the property key {browserType} from the property file
2024-04-06T04:14:51,638 [main] INFO  (Driver.java:29) - Getting a driver instance
2024-04-06T04:14:54,379 [main] INFO  (ConfigurationReader.java:41) - Getting the property key {browserType} from the property file
2024-04-06T04:14:54,379 [main] INFO  (Driver.java:29) - Getting a driver instance
2024-04-06T04:14:54,388 [main] INFO  (MainPage.java:80) - scroll down to the end of the web page 
2024-04-06T04:14:54,389 [main] INFO  (ConfigurationReader.java:41) - Getting the property key {browserType} from the property file
2024-04-06T04:14:54,389 [main] INFO  (Driver.java:29) - Getting a driver instance
2024-04-06T04:14:54,488 [main] INFO  (ConfigurationReader.java:41) - Getting the property key {browserType} from the property file
2024-04-06T04:14:54,489 [main] INFO  (Driver.java:29) - Getting a driver instance
2024-04-06T04:14:54,831 [main] INFO  (Driver.java:71) - Closing the browser
2024-04-06T04:19:20,426 [main] INFO  (ConfigurationReader.java:19) - Loading the property file...
2024-04-06T04:19:20,434 [main] INFO  (ConfigurationReader.java:41) - Getting the property key {browserType} from the property file
2024-04-06T04:19:20,434 [main] INFO  (Driver.java:29) - Getting a driver instance
2024-04-06T04:19:20,435 [main] INFO  (Driver.java:34) - Starting a firefox browser
2024-04-06T04:19:25,237 [main] INFO  (ConfigurationReader.java:41) - Getting the property key {browserType} from the property file
2024-04-06T04:19:25,237 [main] INFO  (Driver.java:29) - Getting a driver instance
2024-04-06T04:19:26,473 [main] INFO  (ConfigurationReader.java:41) - Getting the property key {browserType} from the property file
2024-04-06T04:19:26,473 [main] INFO  (Driver.java:29) - Getting a driver instance
2024-04-06T04:19:26,492 [main] INFO  (MainPage.java:80) - scroll down to the end of the web page 
2024-04-06T04:19:26,492 [main] INFO  (ConfigurationReader.java:41) - Getting the property key {browserType} from the property file
2024-04-06T04:19:26,493 [main] INFO  (Driver.java:29) - Getting a driver instance
2024-04-06T04:19:26,988 [main] INFO  (ConfigurationReader.java:41) - Getting the property key {browserType} from the property file
2024-04-06T04:19:26,989 [main] INFO  (Driver.java:29) - Getting a driver instance
2024-04-06T04:19:27,324 [main] INFO  (Driver.java:71) - Closing the browser
